<?xml version="1.0" encoding="UTF-8"?>
<!-- Generated by org.testng.reporters.JUnitReportReporter -->
<testsuite skipped="0" hostname="LAPTOP-V2REIEHL" name="com.FlipKartTestCases.homePageTest" tests="2" failures="0" timestamp="23 Mar 2021 08:35:01 GMT" time="3.833" errors="0">
  <testcase name="searchIconBtn" time="0.254" classname="com.FlipKartTestCases.homePageTest"/>
  <testcase name="SearchBarElement" time="3.579" classname="com.FlipKartTestCases.homePageTest"/>
</testsuite> <!-- com.FlipKartTestCases.homePageTest -->
